<?xml version="1.0" encoding="UTF-8"?>
<!-- Generated by org.testng.reporters.JUnitXMLReporter -->
<testsuite ignored="0" hostname="DESKTOP-DK31CH6" failures="1" tests="2" name="Test_chrome" time="2.085" errors="0" timestamp="2022-07-22T14:50:04 IST">
  <testcase classname="Com.Utility.BaseClass" name="@BeforeMethod setup" time="2.047">
    <failure type="java.lang.NullPointerException" message="Cannot invoke &amp;quot;java.util.Properties.getProperty(String)&amp;quot; because &amp;quot;Com.Utility.ConfigDataProvider.pro&amp;quot; is null">
      <![CDATA[java.lang.NullPointerException: Cannot invoke "java.util.Properties.getProperty(String)" because "Com.Utility.ConfigDataProvider.pro" is null
at Com.Utility.ConfigDataProvider.getBaseUrl(ConfigDataProvider.java:18)
at Com.Utility.BaseClass.setup(BaseClass.java:43)
at java.base/java.util.ArrayList.forEach(ArrayList.java:1511)
... Removed 29 stack frames]]>
    </failure>
  </testcase> <!-- @BeforeMethod setup -->
  <testcase classname="com.LoginTest.Test_001" name="verifyloginpage" time="0.0">
    <skipped/>
  </testcase> <!-- verifyloginpage -->
  <testcase classname="com.LoginTest.Test_001" name="verifyloginpage" time="2.072">
    <failure type="java.lang.NullPointerException" message="Cannot invoke &amp;quot;com.aventstack.extentreports.ExtentTest.log(com.aventstack.extentreports.Status, String)&amp;quot; because the return value of &amp;quot;java.lang.ThreadLocal.get()&amp;quot; is null">
      <![CDATA[java.lang.NullPointerException: Cannot invoke "com.aventstack.extentreports.ExtentTest.log(com.aventstack.extentreports.Status, String)" because the return value of "java.lang.ThreadLocal.get()" is null
at Com.Utility.Listeners.onTestSkipped(Listeners.java:38)
at java.base/java.util.ArrayList.forEach(ArrayList.java:1511)
... Removed 25 stack frames]]>
    </failure>
  </testcase> <!-- verifyloginpage -->
</testsuite> <!-- Test_chrome -->
