<?xml version="1.0" encoding="UTF-8"?>
<!-- Generated by org.testng.reporters.JUnitXMLReporter -->
<testsuite ignored="0" hostname="DESKTOP-DK31CH6" failures="0" tests="1" name="Test" time="2.066" errors="0" timestamp="2022-07-21T21:22:31 IST">
  <testcase classname="Com.Utility.BaseClass" name="@BeforeMethod setup" time="2.03">
    <failure type="java.lang.NullPointerException" message="Cannot invoke &amp;quot;java.util.Properties.getProperty(String)&amp;quot; because &amp;quot;Com.Utility.ConfigDataProvider.pro&amp;quot; is null">
      <![CDATA[java.lang.NullPointerException: Cannot invoke "java.util.Properties.getProperty(String)" because "Com.Utility.ConfigDataProvider.pro" is null
at Com.Utility.ConfigDataProvider.getBaseUrl(ConfigDataProvider.java:18)
at Com.Utility.BaseClass.setup(BaseClass.java:28)
at java.base/java.util.ArrayList.forEach(ArrayList.java:1511)
... Removed 29 stack frames]]>
    </failure>
  </testcase> <!-- @BeforeMethod setup -->
  <testcase classname="Com.Utility.BaseClass" name="@AfterMethod teardown" time="-1.658418751931E9">
    <skipped/>
  </testcase> <!-- @AfterMethod teardown -->
  <testcase classname="com.LoginTest.Test_001" name="verifyloginpage" time="0.0">
    <skipped/>
  </testcase> <!-- verifyloginpage -->
</testsuite> <!-- Test -->
